{"D:\\ReactJs\\Namaste_React\\src\\components\\Header.js": {"path":"D:\\ReactJs\\Namaste_React\\src\\components\\Header.js","statementMap":{"0":{"start":{"line":8,"column":15},"end":{"line":57,"column":1}},"1":{"start":{"line":9,"column":42},"end":{"line":9,"column":59}},"2":{"start":{"line":11,"column":23},"end":{"line":11,"column":40}},"3":{"start":{"line":13,"column":27},"end":{"line":13,"column":50}},"4":{"start":{"line":14,"column":2},"end":{"line":14,"column":28}},"5":{"start":{"line":16,"column":16},"end":{"line":16,"column":56}},"6":{"start":{"line":16,"column":39},"end":{"line":16,"column":55}},"7":{"start":{"line":18,"column":2},"end":{"line":56,"column":4}},"8":{"start":{"line":44,"column":14},"end":{"line":46,"column":43}}},"fnMap":{"0":{"name":"(anonymous_0)","decl":{"start":{"line":8,"column":15},"end":{"line":8,"column":16}},"loc":{"start":{"line":8,"column":21},"end":{"line":57,"column":1}},"line":8},"1":{"name":"(anonymous_1)","decl":{"start":{"line":16,"column":28},"end":{"line":16,"column":29}},"loc":{"start":{"line":16,"column":39},"end":{"line":16,"column":55}},"line":16},"2":{"name":"(anonymous_2)","decl":{"start":{"line":43,"column":21},"end":{"line":43,"column":22}},"loc":{"start":{"line":43,"column":27},"end":{"line":47,"column":13}},"line":43}},"branchMap":{"0":{"loc":{"start":{"line":25,"column":47},"end":{"line":25,"column":72}},"type":"cond-expr","locations":[{"start":{"line":25,"column":62},"end":{"line":25,"column":65}},{"start":{"line":25,"column":68},"end":{"line":25,"column":72}}],"line":25},"1":{"loc":{"start":{"line":44,"column":14},"end":{"line":46,"column":42}},"type":"cond-expr","locations":[{"start":{"line":45,"column":18},"end":{"line":45,"column":43}},{"start":{"line":46,"column":18},"end":{"line":46,"column":42}}],"line":44}},"s":{"0":1,"1":3,"2":2,"3":2,"4":2,"5":2,"6":4,"7":2,"8":0},"f":{"0":3,"1":4,"2":0},"b":{"0":[2,0],"1":[0,0]},"_coverageSchema":"1a1c01bbd47fc00a2c39e90264f33305004495a9","hash":"8696aca4e89b23536bcd6969ec1da092db098f20"}
,"D:\\ReactJs\\Namaste_React\\src\\components\\Sum.js": {"path":"D:\\ReactJs\\Namaste_React\\src\\components\\Sum.js","statementMap":{"0":{"start":{"line":1,"column":19},"end":{"line":1,"column":31}},"1":{"start":{"line":1,"column":28},"end":{"line":1,"column":31}}},"fnMap":{"0":{"name":"(anonymous_0)","decl":{"start":{"line":1,"column":19},"end":{"line":1,"column":20}},"loc":{"start":{"line":1,"column":28},"end":{"line":1,"column":31}},"line":1}},"branchMap":{},"s":{"0":1,"1":1},"f":{"0":1},"b":{},"_coverageSchema":"1a1c01bbd47fc00a2c39e90264f33305004495a9","hash":"678bd64f74ca87269f84f7da29c4fe944428bda9"}
,"D:\\ReactJs\\Namaste_React\\src\\utils\\UserContext.js": {"path":"D:\\ReactJs\\Namaste_React\\src\\utils\\UserContext.js","statementMap":{"0":{"start":{"line":3,"column":20},"end":{"line":5,"column":2}}},"fnMap":{},"branchMap":{},"s":{"0":1},"f":{},"b":{},"_coverageSchema":"1a1c01bbd47fc00a2c39e90264f33305004495a9","hash":"89b7262d4bd0da34817aec32e22773c95637587b"}
,"D:\\ReactJs\\Namaste_React\\src\\utils\\cartSlicer.js": {"path":"D:\\ReactJs\\Namaste_React\\src\\utils\\cartSlicer.js","statementMap":{"0":{"start":{"line":3,"column":19},"end":{"line":23,"column":2}},"1":{"start":{"line":10,"column":12},"end":{"line":10,"column":44}},"2":{"start":{"line":13,"column":32},"end":{"line":15,"column":14}},"3":{"start":{"line":14,"column":14},"end":{"line":14,"column":46}},"4":{"start":{"line":17,"column":12},"end":{"line":17,"column":46}},"5":{"start":{"line":20,"column":12},"end":{"line":20,"column":28}},"6":{"start":{"line":26,"column":48},"end":{"line":26,"column":66}}},"fnMap":{"0":{"name":"(anonymous_0)","decl":{"start":{"line":9,"column":17},"end":{"line":9,"column":18}},"loc":{"start":{"line":9,"column":36},"end":{"line":11,"column":9}},"line":9},"1":{"name":"(anonymous_1)","decl":{"start":{"line":12,"column":20},"end":{"line":12,"column":21}},"loc":{"start":{"line":12,"column":39},"end":{"line":18,"column":9}},"line":12},"2":{"name":"(anonymous_2)","decl":{"start":{"line":13,"column":54},"end":{"line":13,"column":55}},"loc":{"start":{"line":13,"column":64},"end":{"line":15,"column":13}},"line":13},"3":{"name":"(anonymous_3)","decl":{"start":{"line":19,"column":19},"end":{"line":19,"column":20}},"loc":{"start":{"line":19,"column":30},"end":{"line":21,"column":9}},"line":19}},"branchMap":{},"s":{"0":1,"1":0,"2":0,"3":0,"4":0,"5":0,"6":1},"f":{"0":0,"1":0,"2":0,"3":0},"b":{},"_coverageSchema":"1a1c01bbd47fc00a2c39e90264f33305004495a9","hash":"5b6f86116bd0c290d8fb54bf490a26b593e104c8"}
,"D:\\ReactJs\\Namaste_React\\src\\utils\\constants.js": {"path":"D:\\ReactJs\\Namaste_React\\src\\utils\\constants.js","statementMap":{"0":{"start":{"line":2,"column":2},"end":{"line":2,"column":85}},"1":{"start":{"line":5,"column":2},"end":{"line":5,"column":74}},"2":{"start":{"line":8,"column":2},"end":{"line":8,"column":121}},"3":{"start":{"line":10,"column":35},"end":{"line":10,"column":169}}},"fnMap":{},"branchMap":{},"s":{"0":1,"1":1,"2":1,"3":1},"f":{},"b":{},"_coverageSchema":"1a1c01bbd47fc00a2c39e90264f33305004495a9","hash":"46227f8d5333858ada075a17f4f0f159c358b420"}
,"D:\\ReactJs\\Namaste_React\\src\\utils\\store.js": {"path":"D:\\ReactJs\\Namaste_React\\src\\utils\\store.js","statementMap":{"0":{"start":{"line":4,"column":14},"end":{"line":8,"column":2}}},"fnMap":{},"branchMap":{},"s":{"0":1},"f":{},"b":{},"_coverageSchema":"1a1c01bbd47fc00a2c39e90264f33305004495a9","hash":"8bce8bf97e4a276c4a6e2672164b2d99058c2b51"}
,"D:\\ReactJs\\Namaste_React\\src\\utils\\useOnlineStatus.js": {"path":"D:\\ReactJs\\Namaste_React\\src\\utils\\useOnlineStatus.js","statementMap":{"0":{"start":{"line":3,"column":24},"end":{"line":18,"column":1}},"1":{"start":{"line":4,"column":42},"end":{"line":4,"column":56}},"2":{"start":{"line":6,"column":2},"end":{"line":14,"column":9}},"3":{"start":{"line":7,"column":4},"end":{"line":9,"column":7}},"4":{"start":{"line":8,"column":6},"end":{"line":8,"column":29}},"5":{"start":{"line":11,"column":4},"end":{"line":13,"column":7}},"6":{"start":{"line":12,"column":6},"end":{"line":12,"column":28}},"7":{"start":{"line":17,"column":2},"end":{"line":17,"column":22}}},"fnMap":{"0":{"name":"(anonymous_0)","decl":{"start":{"line":3,"column":24},"end":{"line":3,"column":25}},"loc":{"start":{"line":3,"column":30},"end":{"line":18,"column":1}},"line":3},"1":{"name":"(anonymous_1)","decl":{"start":{"line":6,"column":12},"end":{"line":6,"column":13}},"loc":{"start":{"line":6,"column":18},"end":{"line":14,"column":3}},"line":6},"2":{"name":"(anonymous_2)","decl":{"start":{"line":7,"column":39},"end":{"line":7,"column":40}},"loc":{"start":{"line":7,"column":45},"end":{"line":9,"column":5}},"line":7},"3":{"name":"(anonymous_3)","decl":{"start":{"line":11,"column":38},"end":{"line":11,"column":39}},"loc":{"start":{"line":11,"column":44},"end":{"line":13,"column":5}},"line":11}},"branchMap":{},"s":{"0":1,"1":2,"2":2,"3":0,"4":0,"5":0,"6":0,"7":2},"f":{"0":2,"1":0,"2":0,"3":0},"b":{},"_coverageSchema":"1a1c01bbd47fc00a2c39e90264f33305004495a9","hash":"83b25157c1fc6713727edd218e286338759625df"}
}
