{"D:\\ReactJs\\Namaste_React\\src\\components\\Body.js": {"path":"D:\\ReactJs\\Namaste_React\\src\\components\\Body.js","statementMap":{"0":{"start":{"line":9,"column":13},"end":{"line":106,"column":1}},"1":{"start":{"line":10,"column":50},"end":{"line":10,"column":64}},"2":{"start":{"line":11,"column":54},"end":{"line":11,"column":66}},"3":{"start":{"line":13,"column":38},"end":{"line":13,"column":50}},"4":{"start":{"line":15,"column":33},"end":{"line":15,"column":65}},"5":{"start":{"line":17,"column":2},"end":{"line":19,"column":9}},"6":{"start":{"line":18,"column":4},"end":{"line":18,"column":16}},"7":{"start":{"line":21,"column":20},"end":{"line":28,"column":3}},"8":{"start":{"line":22,"column":17},"end":{"line":22,"column":48}},"9":{"start":{"line":24,"column":17},"end":{"line":24,"column":34}},"10":{"start":{"line":26,"column":4},"end":{"line":26,"column":99}},"11":{"start":{"line":27,"column":4},"end":{"line":27,"column":102}},"12":{"start":{"line":30,"column":23},"end":{"line":30,"column":40}},"13":{"start":{"line":32,"column":2},"end":{"line":37,"column":6}},"14":{"start":{"line":33,"column":4},"end":{"line":37,"column":6}},"15":{"start":{"line":39,"column":40},"end":{"line":39,"column":63}},"16":{"start":{"line":41,"column":2},"end":{"line":105,"column":4}},"17":{"start":{"line":51,"column":14},"end":{"line":51,"column":44}},"18":{"start":{"line":58,"column":41},"end":{"line":60,"column":15}},"19":{"start":{"line":59,"column":16},"end":{"line":59,"column":78}},"20":{"start":{"line":62,"column":14},"end":{"line":62,"column":56}},"21":{"start":{"line":72,"column":35},"end":{"line":74,"column":15}},"22":{"start":{"line":73,"column":25},"end":{"line":73,"column":47}},"23":{"start":{"line":75,"column":14},"end":{"line":75,"column":47}},"24":{"start":{"line":86,"column":29},"end":{"line":86,"column":56}},"25":{"start":{"line":92,"column":10},"end":{"line":101,"column":17}}},"fnMap":{"0":{"name":"(anonymous_0)","decl":{"start":{"line":9,"column":13},"end":{"line":9,"column":14}},"loc":{"start":{"line":9,"column":19},"end":{"line":106,"column":1}},"line":9},"1":{"name":"(anonymous_1)","decl":{"start":{"line":17,"column":12},"end":{"line":17,"column":13}},"loc":{"start":{"line":17,"column":18},"end":{"line":19,"column":3}},"line":17},"2":{"name":"(anonymous_2)","decl":{"start":{"line":21,"column":20},"end":{"line":21,"column":21}},"loc":{"start":{"line":21,"column":32},"end":{"line":28,"column":3}},"line":21},"3":{"name":"(anonymous_3)","decl":{"start":{"line":50,"column":22},"end":{"line":50,"column":23}},"loc":{"start":{"line":50,"column":29},"end":{"line":52,"column":13}},"line":50},"4":{"name":"(anonymous_4)","decl":{"start":{"line":56,"column":21},"end":{"line":56,"column":22}},"loc":{"start":{"line":56,"column":27},"end":{"line":63,"column":13}},"line":56},"5":{"name":"(anonymous_5)","decl":{"start":{"line":58,"column":66},"end":{"line":58,"column":67}},"loc":{"start":{"line":59,"column":16},"end":{"line":59,"column":78}},"line":59},"6":{"name":"(anonymous_6)","decl":{"start":{"line":71,"column":21},"end":{"line":71,"column":22}},"loc":{"start":{"line":71,"column":27},"end":{"line":76,"column":13}},"line":71},"7":{"name":"(anonymous_7)","decl":{"start":{"line":73,"column":16},"end":{"line":73,"column":17}},"loc":{"start":{"line":73,"column":25},"end":{"line":73,"column":47}},"line":73},"8":{"name":"(anonymous_8)","decl":{"start":{"line":86,"column":22},"end":{"line":86,"column":23}},"loc":{"start":{"line":86,"column":29},"end":{"line":86,"column":56}},"line":86},"9":{"name":"(anonymous_9)","decl":{"start":{"line":91,"column":33},"end":{"line":91,"column":34}},"loc":{"start":{"line":92,"column":10},"end":{"line":101,"column":17}},"line":92}},"branchMap":{"0":{"loc":{"start":{"line":32,"column":2},"end":{"line":37,"column":6}},"type":"if","locations":[{"start":{"line":32,"column":2},"end":{"line":37,"column":6}},{"start":{},"end":{}}],"line":32},"1":{"loc":{"start":{"line":41,"column":9},"end":{"line":105,"column":3}},"type":"cond-expr","locations":[{"start":{"line":42,"column":4},"end":{"line":42,"column":15}},{"start":{"line":43,"column":4},"end":{"line":104,"column":10}}],"line":41},"2":{"loc":{"start":{"line":96,"column":13},"end":{"line":100,"column":13}},"type":"cond-expr","locations":[{"start":{"line":97,"column":14},"end":{"line":97,"column":66}},{"start":{"line":99,"column":14},"end":{"line":99,"column":58}}],"line":96}},"s":{"0":1,"1":4,"2":3,"3":3,"4":3,"5":3,"6":2,"7":3,"8":2,"9":2,"10":2,"11":2,"12":3,"13":3,"14":0,"15":3,"16":3,"17":0,"18":0,"19":0,"20":0,"21":0,"22":0,"23":0,"24":0,"25":8},"f":{"0":4,"1":2,"2":2,"3":0,"4":0,"5":0,"6":0,"7":0,"8":0,"9":8},"b":{"0":[0,3],"1":[2,1],"2":[0,8]},"_coverageSchema":"1a1c01bbd47fc00a2c39e90264f33305004495a9","hash":"82e02b672a2d39f61f99290ae3edcd7831821eaa"}
,"D:\\ReactJs\\Namaste_React\\src\\components\\Header.js": {"path":"D:\\ReactJs\\Namaste_React\\src\\components\\Header.js","statementMap":{"0":{"start":{"line":9,"column":15},"end":{"line":58,"column":1}},"1":{"start":{"line":10,"column":42},"end":{"line":10,"column":59}},"2":{"start":{"line":12,"column":23},"end":{"line":12,"column":40}},"3":{"start":{"line":14,"column":27},"end":{"line":14,"column":50}},"4":{"start":{"line":15,"column":2},"end":{"line":15,"column":28}},"5":{"start":{"line":17,"column":16},"end":{"line":17,"column":56}},"6":{"start":{"line":17,"column":39},"end":{"line":17,"column":55}},"7":{"start":{"line":19,"column":2},"end":{"line":57,"column":4}},"8":{"start":{"line":45,"column":14},"end":{"line":47,"column":43}}},"fnMap":{"0":{"name":"(anonymous_0)","decl":{"start":{"line":9,"column":15},"end":{"line":9,"column":16}},"loc":{"start":{"line":9,"column":21},"end":{"line":58,"column":1}},"line":9},"1":{"name":"(anonymous_1)","decl":{"start":{"line":17,"column":28},"end":{"line":17,"column":29}},"loc":{"start":{"line":17,"column":39},"end":{"line":17,"column":55}},"line":17},"2":{"name":"(anonymous_2)","decl":{"start":{"line":44,"column":21},"end":{"line":44,"column":22}},"loc":{"start":{"line":44,"column":27},"end":{"line":48,"column":13}},"line":44}},"branchMap":{"0":{"loc":{"start":{"line":26,"column":75},"end":{"line":26,"column":100}},"type":"cond-expr","locations":[{"start":{"line":26,"column":90},"end":{"line":26,"column":93}},{"start":{"line":26,"column":96},"end":{"line":26,"column":100}}],"line":26},"1":{"loc":{"start":{"line":45,"column":14},"end":{"line":47,"column":42}},"type":"cond-expr","locations":[{"start":{"line":46,"column":18},"end":{"line":46,"column":43}},{"start":{"line":47,"column":18},"end":{"line":47,"column":42}}],"line":45}},"s":{"0":1,"1":3,"2":3,"3":3,"4":3,"5":3,"6":6,"7":3,"8":0},"f":{"0":3,"1":6,"2":0},"b":{"0":[3,0],"1":[0,0]},"_coverageSchema":"1a1c01bbd47fc00a2c39e90264f33305004495a9","hash":"2ab4610164e229c1667dba220bac34d02dfa1d24"}
,"D:\\ReactJs\\Namaste_React\\src\\components\\Shimmer.js": {"path":"D:\\ReactJs\\Namaste_React\\src\\components\\Shimmer.js","statementMap":{"0":{"start":{"line":1,"column":16},"end":{"line":24,"column":1}},"1":{"start":{"line":2,"column":2},"end":{"line":23,"column":4}}},"fnMap":{"0":{"name":"(anonymous_0)","decl":{"start":{"line":1,"column":16},"end":{"line":1,"column":17}},"loc":{"start":{"line":1,"column":22},"end":{"line":24,"column":1}},"line":1}},"branchMap":{},"s":{"0":1,"1":2},"f":{"0":2},"b":{},"_coverageSchema":"1a1c01bbd47fc00a2c39e90264f33305004495a9","hash":"a2151093f13cdd5d0d4c13dbb526780c782a920b"}
,"D:\\ReactJs\\Namaste_React\\src\\mocks\\dummyLogo.js": {"path":"D:\\ReactJs\\Namaste_React\\src\\mocks\\dummyLogo.js","statementMap":{},"fnMap":{},"branchMap":{},"s":{},"f":{},"b":{},"_coverageSchema":"1a1c01bbd47fc00a2c39e90264f33305004495a9","hash":"9a30d8639cb116c7a23f69c12248941aa32c8d5a"}
,"D:\\ReactJs\\Namaste_React\\src\\mocks\\dummyResData.js": {"path":"D:\\ReactJs\\Namaste_React\\src\\mocks\\dummyResData.js","statementMap":{"0":{"start":{"line":1,"column":31},"end":{"line":6634,"column":1}}},"fnMap":{},"branchMap":{},"s":{"0":1},"f":{},"b":{},"_coverageSchema":"1a1c01bbd47fc00a2c39e90264f33305004495a9","hash":"655b62ca607e76597f9fdb11affc1bfbe3dacb87"}
,"D:\\ReactJs\\Namaste_React\\src\\utils\\store.js": {"path":"D:\\ReactJs\\Namaste_React\\src\\utils\\store.js","statementMap":{"0":{"start":{"line":4,"column":14},"end":{"line":8,"column":2}}},"fnMap":{},"branchMap":{},"s":{"0":2},"f":{},"b":{},"_coverageSchema":"1a1c01bbd47fc00a2c39e90264f33305004495a9","hash":"8bce8bf97e4a276c4a6e2672164b2d99058c2b51"}
}
