TN:
SF:src\components\Body.js
FN:9,(anonymous_0)
FN:17,(anonymous_1)
FN:21,(anonymous_2)
FN:50,(anonymous_3)
FN:56,(anonymous_4)
FN:58,(anonymous_5)
FN:71,(anonymous_6)
FN:73,(anonymous_7)
FN:86,(anonymous_8)
FN:91,(anonymous_9)
FNF:10
FNH:4
FNDA:4,(anonymous_0)
FNDA:2,(anonymous_1)
FNDA:2,(anonymous_2)
FNDA:0,(anonymous_3)
FNDA:0,(anonymous_4)
FNDA:0,(anonymous_5)
FNDA:0,(anonymous_6)
FNDA:0,(anonymous_7)
FNDA:0,(anonymous_8)
FNDA:8,(anonymous_9)
DA:9,1
DA:10,4
DA:11,3
DA:13,3
DA:15,3
DA:17,3
DA:18,2
DA:21,3
DA:22,2
DA:24,2
DA:26,2
DA:27,2
DA:30,3
DA:32,3
DA:33,0
DA:39,3
DA:41,3
DA:51,0
DA:58,0
DA:59,0
DA:62,0
DA:72,0
DA:73,0
DA:75,0
DA:86,0
DA:92,8
LF:26
LH:17
BRDA:32,0,0,0
BRDA:32,0,1,3
BRDA:41,1,0,2
BRDA:41,1,1,1
BRDA:96,2,0,0
BRDA:96,2,1,8
BRF:6
BRH:4
end_of_record
TN:
SF:src\components\Header.js
FN:9,(anonymous_0)
FN:17,(anonymous_1)
FN:44,(anonymous_2)
FNF:3
FNH:2
FNDA:3,(anonymous_0)
FNDA:6,(anonymous_1)
FNDA:0,(anonymous_2)
DA:9,1
DA:10,3
DA:12,3
DA:14,3
DA:15,3
DA:17,6
DA:19,3
DA:45,0
LF:8
LH:7
BRDA:26,0,0,3
BRDA:26,0,1,0
BRDA:45,1,0,0
BRDA:45,1,1,0
BRF:4
BRH:1
end_of_record
TN:
SF:src\components\Shimmer.js
FN:1,(anonymous_0)
FNF:1
FNH:1
FNDA:2,(anonymous_0)
DA:1,1
DA:2,2
LF:2
LH:2
BRF:0
BRH:0
end_of_record
TN:
SF:src\mocks\dummyLogo.js
FNF:0
FNH:0
LF:0
LH:0
BRF:0
BRH:0
end_of_record
TN:
SF:src\mocks\dummyResData.js
FNF:0
FNH:0
DA:1,1
LF:1
LH:1
BRF:0
BRH:0
end_of_record
TN:
SF:src\utils\store.js
FNF:0
FNH:0
DA:4,2
LF:1
LH:1
BRF:0
BRH:0
end_of_record
