TN:
SF:src\components\Header.js
FN:8,(anonymous_0)
FN:16,(anonymous_1)
FN:43,(anonymous_2)
FNF:3
FNH:2
FNDA:3,(anonymous_0)
FNDA:4,(anonymous_1)
FNDA:0,(anonymous_2)
DA:8,1
DA:9,3
DA:11,2
DA:13,2
DA:14,2
DA:16,4
DA:18,2
DA:44,0
LF:8
LH:7
BRDA:25,0,0,2
BRDA:25,0,1,0
BRDA:44,1,0,0
BRDA:44,1,1,0
BRF:4
BRH:1
end_of_record
TN:
SF:src\components\Sum.js
FN:1,(anonymous_0)
FNF:1
FNH:1
FNDA:1,(anonymous_0)
DA:1,1
LF:1
LH:1
BRF:0
BRH:0
end_of_record
TN:
SF:src\utils\UserContext.js
FNF:0
FNH:0
DA:3,1
LF:1
LH:1
BRF:0
BRH:0
end_of_record
TN:
SF:src\utils\cartSlicer.js
FN:9,(anonymous_0)
FN:12,(anonymous_1)
FN:13,(anonymous_2)
FN:19,(anonymous_3)
FNF:4
FNH:0
FNDA:0,(anonymous_0)
FNDA:0,(anonymous_1)
FNDA:0,(anonymous_2)
FNDA:0,(anonymous_3)
DA:3,1
DA:10,0
DA:13,0
DA:14,0
DA:17,0
DA:20,0
DA:26,1
LF:7
LH:2
BRF:0
BRH:0
end_of_record
TN:
SF:src\utils\constants.js
FNF:0
FNH:0
DA:2,1
DA:5,1
DA:8,1
DA:10,1
LF:4
LH:4
BRF:0
BRH:0
end_of_record
TN:
SF:src\utils\store.js
FNF:0
FNH:0
DA:4,1
LF:1
LH:1
BRF:0
BRH:0
end_of_record
TN:
SF:src\utils\useOnlineStatus.js
FN:3,(anonymous_0)
FN:6,(anonymous_1)
FN:7,(anonymous_2)
FN:11,(anonymous_3)
FNF:4
FNH:1
FNDA:2,(anonymous_0)
FNDA:0,(anonymous_1)
FNDA:0,(anonymous_2)
FNDA:0,(anonymous_3)
DA:3,1
DA:4,2
DA:6,2
DA:7,0
DA:8,0
DA:11,0
DA:12,0
DA:17,2
LF:8
LH:4
BRF:0
BRH:0
end_of_record
